PLINK v1.90b4.1 64-bit (30 Mar 2017)
Options in effect:
  --file aaa
  --make-bed
  --out aaa

Hostname: CAILAB2X384-
Working directory: C:\Users\jcai\Documents\GitHub\My_Code\comm_rare_simu
Start time: Tue Apr 04 22:37:45 2017

Random number seed: 1491363465
16310 MB RAM detected; reserving 8155 MB for main workspace.
Scanning .ped file... done.
Performing single-pass .bed write (11357 variants, 503 people).
--file: aaa-temporary.bed + aaa-temporary.bim + aaa-temporary.fam written.
11357 variants loaded from .bim file.
503 people (503 males, 0 females) loaded from .fam.
503 phenotype values loaded from .fam.
Using 1 thread (no multithreaded calculations invoked).
Before main variant filters, 503 founders and 0 nonfounders present.
Calculating allele frequencies... done.
11357 variants and 503 people pass filters and QC.
Among remaining phenotypes, 0 are cases and 503 are controls.
--make-bed to aaa.bed + aaa.bim + aaa.fam ... done.

End time: Tue Apr 04 22:37:46 2017
